<?xml version="1.0" encoding="UTF-8"?>
<!-- Generated by org.testng.reporters.JUnitReportReporter -->
<testsuite hostname="BLOCKY" failures="0" tests="2" name="Test.FPTestCase1" time="5.802" errors="0" timestamp="2021-04-01T14:03:18 CST" skipped="0">
  <testcase classname="Test.FPTestCase1" name="unsuccessfullyLogin" time="2.406"/>
  <system-out/>
  <testcase classname="Test.FPTestCase1" name="successfullyLogin" time="3.396"/>
  <system-out/>
</testsuite> <!-- Test.FPTestCase1 -->
