<?xml version="1.0" encoding="UTF-8"?>
<!-- Generated by org.testng.reporters.JUnitReportReporter -->
<testsuite hostname="DESKTOP-GQIBSE2" failures="0" tests="1" name="Test.FPTestCase1" time="8.956" errors="0" timestamp="2021-03-29T21:07:55 GMT-06:00" skipped="0">
  <testcase classname="Test.FPTestCase1" name="successfullyLogin" time="8.956"/>
  <system-out/>
</testsuite> <!-- Test.FPTestCase1 -->
