<?xml version="1.0" encoding="UTF-8"?>
<!-- Generated by org.testng.reporters.JUnitReportReporter -->
<testsuite hostname="DESKTOP-L509R1S" failures="0" tests="2" name="Test.FPTestCase1" time="11.590" errors="0" timestamp="2021-03-30T14:17:39 CST" skipped="1">
  <testcase classname="Test.FPTestCase1" name="buyArticleSuccessfully" time="11.590"/>
  <system-out/>
  <testcase classname="Test.FPTestCase1" name="successfullyLogin">
    <skipped/>
  </testcase> <!-- successfullyLogin -->
  <system-out/>
</testsuite> <!-- Test.FPTestCase1 -->
