<?xml version="1.0" encoding="UTF-8"?>
<!-- Generated by org.testng.reporters.JUnitReportReporter -->
<testsuite hostname="BLOCKY" failures="0" tests="2" name="Test.FPTestCase1" time="3.535" errors="0" timestamp="2021-03-31T10:43:07 CST" skipped="1">
  <testcase classname="Test.FPTestCase1" name="successfullyLogin" time="3.535"/>
  <system-out/>
  <testcase classname="Test.FPTestCase1" name="buyArticleSuccessfully">
    <skipped/>
  </testcase> <!-- buyArticleSuccessfully -->
  <system-out/>
</testsuite> <!-- Test.FPTestCase1 -->
