<?xml version="1.0" encoding="UTF-8"?>
<!-- Generated by org.testng.reporters.JUnitReportReporter -->
<testsuite hostname="BLOCKY" failures="0" tests="2" name="Test.FPTestCase1" time="9.272" errors="0" timestamp="2021-03-30T11:54:15 CST" skipped="1">
  <testcase classname="Test.FPTestCase1" name="buyArticleSuccessfully" time="9.272"/>
  <system-out/>
  <testcase classname="Test.FPTestCase1" name="successfullyLogin">
    <skipped/>
  </testcase> <!-- successfullyLogin -->
  <system-out/>
</testsuite> <!-- Test.FPTestCase1 -->
