<?xml version="1.0" encoding="UTF-8"?>
<!-- Generated by org.testng.reporters.JUnitReportReporter -->
<testsuite hostname="BLOCKY" failures="0" tests="2" name="test.FPTestCase1" time="8.838" errors="0" timestamp="2021-04-01T10:07:44 CST" skipped="0">
  <testcase classname="test.FPTestCase1" name="unsuccessfullyLogin" time="4.072"/>
  <system-out/>
  <testcase classname="test.FPTestCase1" name="successfullyLogin" time="4.766"/>
  <system-out/>
</testsuite> <!-- test.FPTestCase1 -->
