<?xml version="1.0" encoding="UTF-8"?>
<!-- Generated by org.testng.reporters.JUnitReportReporter -->
<testsuite hostname="Maribel" failures="0" tests="1" name="Test.FPTestCase1" time="4.972" errors="0" timestamp="2021-03-30T14:17:26 CST" skipped="0">
  <testcase classname="Test.FPTestCase1" name="successfullyLogin" time="4.972"/>
  <system-out/>
</testsuite> <!-- Test.FPTestCase1 -->
