<?xml version="1.0" encoding="UTF-8"?>
<!-- Generated by org.testng.reporters.JUnitReportReporter -->
<testsuite hostname="BLOCKY" failures="0" tests="1" name="pages.FPTestCase1" time="6.709" errors="0" timestamp="2021-03-30T11:53:39 CST" skipped="0">
  <testcase classname="pages.FPTestCase1" name="successfullyLogin" time="6.709"/>
  <system-out/>
</testsuite> <!-- pages.FPTestCase1 -->
