<?xml version="1.0" encoding="UTF-8"?>
<!-- Generated by org.testng.reporters.JUnitReportReporter -->
<testsuite hostname="BLOCKY" failures="0" tests="2" name="test.FPTestCase1" time="14.512" errors="0" timestamp="2021-03-31T17:56:41 CST" skipped="0">
  <testcase classname="test.FPTestCase1" name="unsuccessfullyLogin" time="4.678"/>
  <system-out/>
  <testcase classname="test.FPTestCase1" name="successfullyLogin" time="9.834"/>
  <system-out/>
</testsuite> <!-- test.FPTestCase1 -->
