<?xml version="1.0" encoding="UTF-8"?>
<!-- Generated by org.testng.reporters.JUnitReportReporter -->
<testsuite hostname="DESKTOP-L509R1S" failures="0" tests="2" name="Test.FPTestCase1" time="7.731" errors="0" timestamp="2021-04-03T12:54:05 CST" skipped="0">
  <testcase classname="Test.FPTestCase1" name="unsuccessfullyLogin" time="4.085"/>
  <system-out/>
  <testcase classname="Test.FPTestCase1" name="successfullyLogin" time="3.646"/>
  <system-out/>
</testsuite> <!-- Test.FPTestCase1 -->
